<?xml version="1.0" encoding="UTF-8"?>
<!-- Generated by org.testng.reporters.JUnitXMLReporter -->
<testsuite hostname="LAPTOP-T3UANJN2" ignored="0" name="Regression" tests="6" failures="1" timestamp="2022-12-14T17:53:33 GMT" time="70.545" errors="0">
  <testcase name="verifyJobSearchResultUsingDifferentDataSet" time="7.864" classname="uk.co.library.testsuite.JobSearchTest"/>
  <testcase name="verifyJobSearchResultUsingDifferentDataSet" time="8.417" classname="uk.co.library.testsuite.JobSearchTest"/>
  <testcase name="verifyJobSearchResultUsingDifferentDataSet" time="7.225" classname="uk.co.library.testsuite.JobSearchTest">
    <failure type="java.lang.AssertionError" message="The following asserts failed:
	Invalid data is displayed expected [Permanent Chemist jobs in Luton] but found [Permanent Chemist jobs in Leeds]">
      <![CDATA[java.lang.AssertionError: The following asserts failed:
Invalid data is displayed expected [Permanent Chemist jobs in Luton] but found [Permanent Chemist jobs in Leeds]
at uk.co.library.testsuite.JobSearchTest.verifyJobSearchResultUsingDifferentDataSet(JobSearchTest.java:42)
at java.util.ArrayList.forEach(ArrayList.java:1249)
at com.intellij.rt.testng.IDEARemoteTestNG.run(IDEARemoteTestNG.java:66)
at com.intellij.rt.testng.RemoteTestNGStarter.main(RemoteTestNGStarter.java:109)
... Removed 26 stack frames]]>
    </failure>
  </testcase> <!-- verifyJobSearchResultUsingDifferentDataSet -->
  <testcase name="verifyJobSearchResultUsingDifferentDataSet" time="7.767" classname="uk.co.library.testsuite.JobSearchTest"/>
  <testcase name="verifyJobSearchResultUsingDifferentDataSet" time="9.683" classname="uk.co.library.testsuite.JobSearchTest"/>
  <testcase name="verifyJobSearchResultUsingDifferentDataSet" time="8.04" classname="uk.co.library.testsuite.JobSearchTest"/>
</testsuite> <!-- Regression -->
